{"message":{"key":"4E223A62F189A"},"level":"info"}
{"message":{"key":"4E223A62F189A"},"level":"info"}
{"message":"4E223A62F189A - ::1","level":"info"}
{"message":"4E223A62F189A - ::1","level":"info"}
{"message":"4E223A62F189A - ::1","level":"info"}
{"message":"4E223A62F189A - ::1","level":"info"}
{"message":"4E223A62F189A - ::1","level":"info","timestamp":"2020-04-28T09:55:54.986Z"}
{"message":"4E223A62F189A - ::1","level":"info","timestamp":"2020-04-28T09:56:12.408Z"}
{"message":"4E223A62F189A - ::1","level":"info","timestamp":"2020-04-28 17:00:03"}
{
  message: '4E223A62F189A - ::1',
  level: 'info',
  timestamp: '2020-04-28 17:02:36'
}
{
  message: '4E223A62F189A - ::1',
  level: 'info',
  timestamp: '2020-04-28 17:03:52'
}
2020-04-28 17:11:11: 4E223A62F189A - ::1
2020-04-28 17:13:50: 4E223A62F189A - IP: ::1
2020-04-28 17:15:38: Check Key: undefined - IP: ::1 - Useragent: Mozilla/5.0 (Windows NT 10.0; Win64; x64) AppleWebKit/537.36 (KHTML, like Gecko) Chrome/81.0.4044.129 Safari/537.36
2020-04-28 17:16:34: Check Key: undefined - IP: ::1 - UA: Mozilla/5.0 (Windows NT 10.0; Win64; x64) AppleWebKit/537.36 (KHTML, like Gecko) Chrome/81.0.4044.129 Safari/537.36
2020-04-28 17:16:52: Check Key: undefined - IP: ::1 - UA: Mozilla/5.0 (Windows NT 10.0; Win64; x64) AppleWebKit/537.36 (KHTML, like Gecko) Chrome/81.0.4044.129 Safari/537.36
2020-04-28 17:17:18: Check Key: undefined - IP: ::1 - UA: Mozilla/5.0 (Windows NT 10.0; Win64; x64) AppleWebKit/537.36 (KHTML, like Gecko) Chrome/81.0.4044.129 Safari/537.36
2020-04-28 17:17:33: Check Key: 4E223A62F189A - IP: ::1 - UA: Mozilla/5.0 (Windows NT 10.0; Win64; x64) AppleWebKit/537.36 (KHTML, like Gecko) Chrome/81.0.4044.129 Safari/537.36
2020-04-28 17:32:15: Check Key: 4E223A62F189A - IP: ::1 - UA: Mozilla/5.0 (Windows NT 10.0; Win64; x64) AppleWebKit/537.36 (KHTML, like Gecko) Chrome/81.0.4044.129 Safari/537.36
2020-04-28 17:35:12: Check Key: 4E223A62F189A - IP: ::1 - UA: Mozilla/5.0 (Windows NT 10.0; Win64; x64) AppleWebKit/537.36 (KHTML, like Gecko) Chrome/81.0.4044.129 Safari/537.36
2020-04-28 17:35:17: Check Key: 4E223A62F189A - IP: ::1 - UA: Mozilla/5.0 (Windows NT 10.0; Win64; x64) AppleWebKit/537.36 (KHTML, like Gecko) Chrome/81.0.4044.129 Safari/537.36
